Using pre-set license
Built from '2020.3/release' branch; Version is '2020.3.7f1 (dd97f2c94397) revision 14522354'; Using compiler version '192528614'; Build Type 'Release'
OS: 'Windows 10 Pro; OS build 19043.1503; Version 2009; 64bit' Language: 'tr' Physical Memory: 16328 MB
BatchMode: 1, IsHumanControllingUs: 0, StartBugReporterOnCrash: 0, Is64bit: 1, IsPro: 0

 COMMAND LINE ARGUMENTS:
C:\Program Files\Unity\Hub\Editor\2020.3.7f1\Editor\Unity.exe
-adb2
-batchMode
-noUpm
-name
AssetImportWorker0
-projectPath
E:/UnityProjects/Test
-logFile
Logs/AssetImportWorker0.log
-srvPort
52075
Successfully changed project path to: E:/UnityProjects/Test
E:/UnityProjects/Test
Using Asset Import Pipeline V2.
Refreshing native plugins compatible for Editor in 23.37 ms, found 0 plugins.
Preloading 0 native plugins for Editor in 0.00 ms.
Initialize engine version: 2020.3.7f1 (dd97f2c94397)
[Subsystems] Discovering subsystems at path C:/Program Files/Unity/Hub/Editor/2020.3.7f1/Editor/Data/Resources/UnitySubsystems
[Subsystems] Discovering subsystems at path E:/UnityProjects/Test/Assets
GfxDevice: creating device client; threaded=0
Direct3D:
    Version:  Direct3D 11.0 [level 11.1]
    Renderer: Radeon RX 580 Series (ID=0x67df)
    Vendor:   
    VRAM:     4075 MB
    Driver:   30.0.14023.3004
Initialize mono
Mono path[0] = 'C:/Program Files/Unity/Hub/Editor/2020.3.7f1/Editor/Data/Managed'
Mono path[1] = 'C:/Program Files/Unity/Hub/Editor/2020.3.7f1/Editor/Data/MonoBleedingEdge/lib/mono/unityjit'
Mono config path = 'C:/Program Files/Unity/Hub/Editor/2020.3.7f1/Editor/Data/MonoBleedingEdge/etc'
Using monoOptions --debugger-agent=transport=dt_socket,embedding=1,server=y,suspend=n,address=127.0.0.1:56264
Begin MonoManager ReloadAssembly
Registering precompiled unity dll's ...
Register platform support module: C:/Program Files/Unity/Hub/Editor/2020.3.7f1/Editor/Data/PlaybackEngines/WindowsStandaloneSupport/UnityEditor.WindowsStandalone.Extensions.dll
Registered in 0.001991 seconds.
Native extension for WindowsStandalone target not found
Refreshing native plugins compatible for Editor in 23.11 ms, found 0 plugins.
Preloading 0 native plugins for Editor in 0.00 ms.
Mono: successfully reloaded assembly
- Completed reload, in  1.001 seconds
Platform modules already initialized, skipping
Registering precompiled user dll's ...
Registered in 0.002210 seconds.
Begin MonoManager ReloadAssembly
Native extension for WindowsStandalone target not found
Refreshing native plugins compatible for Editor in 0.23 ms, found 0 plugins.
Preloading 0 native plugins for Editor in 0.00 ms.
Mono: successfully reloaded assembly
- Completed reload, in  0.760 seconds
Platform modules already initialized, skipping
========================================================================
Worker process is ready to serve import requests
Launched and connected shader compiler UnityShaderCompiler.exe after 0.05 seconds
Refreshing native plugins compatible for Editor in 0.21 ms, found 0 plugins.
Preloading 0 native plugins for Editor in 0.00 ms.
Unloading 1137 Unused Serialized files (Serialized files now loaded: 0)
System memory in use before: 77.4 MB.
System memory in use after: 77.4 MB.

Unloading 16 unused Assets to reduce memory usage. Loaded Objects now: 1606.
Total: 1.599700 ms (FindLiveObjects: 0.121400 ms CreateObjectMapping: 0.046200 ms MarkObjects: 1.349300 ms  DeleteObjects: 0.082200 ms)

========================================================================
Received Import Request.
  path: Assets/Core/Prefabs/Gate (1).prefab
  artifactKey: Guid(58cddbf629755024eb8ff1c1e40f3dcd) Importer(815301076,1909f56bfc062723c751e8b465ee728b)
Start importing Assets/Core/Prefabs/Gate (1).prefab using Guid(58cddbf629755024eb8ff1c1e40f3dcd) Importer(815301076,1909f56bfc062723c751e8b465ee728b)  -> (artifact id: 'd58353453c1a409046a5795b6fb31aee') in 0.104900 seconds
  Import took 0.116676 seconds .

========================================================================
Received Import Request.
  Time since last request: 0.644927 seconds.
  path: Assets/Core/Prefabs/Gate.prefab
  artifactKey: Guid(58cddbf629755024eb8ff1c1e40f3dcd) Importer(815301076,1909f56bfc062723c751e8b465ee728b)
Start importing Assets/Core/Prefabs/Gate.prefab using Guid(58cddbf629755024eb8ff1c1e40f3dcd) Importer(815301076,1909f56bfc062723c751e8b465ee728b)  -> (artifact id: '0adcaf37c2d308a2a0d066e36e80466b') in 0.014380 seconds
  Import took 0.016179 seconds .

========================================================================
Received Import Request.
  Time since last request: 232.331036 seconds.
  path: Assets/Core/GateData.cs
  artifactKey: Guid(8a75d41437335e144b53a9756bc38907) Importer(815301076,1909f56bfc062723c751e8b465ee728b)
Start importing Assets/Core/GateData.cs using Guid(8a75d41437335e144b53a9756bc38907) Importer(815301076,1909f56bfc062723c751e8b465ee728b)  -> (artifact id: '3416215f775159140aead352f5196f29') in 0.010658 seconds
  Import took 0.012628 seconds .

========================================================================
Received Import Request.
  Time since last request: 0.004917 seconds.
  path: Assets/Core/GateData.cs
  artifactKey: Guid(8a75d41437335e144b53a9756bc38907) Importer(815301076,1909f56bfc062723c751e8b465ee728b)
Start importing Assets/Core/GateData.cs using Guid(8a75d41437335e144b53a9756bc38907) Importer(815301076,1909f56bfc062723c751e8b465ee728b)  -> (artifact id: '3416215f775159140aead352f5196f29') in 0.003308 seconds
  Import took 0.005216 seconds .

========================================================================
Received Import Request.
  Time since last request: 8.177236 seconds.
  path: Assets/Core/Scripts
  artifactKey: Guid(4e6f07e8b78ef6044859298b6f191e9c) Importer(815301076,1909f56bfc062723c751e8b465ee728b)
Start importing Assets/Core/Scripts using Guid(4e6f07e8b78ef6044859298b6f191e9c) Importer(815301076,1909f56bfc062723c751e8b465ee728b)  -> (artifact id: 'f9d60e539bbbdbeed0916f34a51ffa40') in 0.006175 seconds
  Import took 0.007850 seconds .

========================================================================
Received Import Request.
  Time since last request: 11.911826 seconds.
  path: Assets/Core/Scripts/ScriptableObjects
  artifactKey: Guid(c8354be9a3f03af4ebcbfbc482ad9f04) Importer(815301076,1909f56bfc062723c751e8b465ee728b)
Start importing Assets/Core/Scripts/ScriptableObjects using Guid(c8354be9a3f03af4ebcbfbc482ad9f04) Importer(815301076,1909f56bfc062723c751e8b465ee728b)  -> (artifact id: '5ab7480e50a87351fb7c9c65c6e32174') in 0.006872 seconds
  Import took 0.008491 seconds .

