Using pre-set license
Built from '2020.3/release' branch; Version is '2020.3.7f1 (dd97f2c94397) revision 14522354'; Using compiler version '192528614'; Build Type 'Release'
OS: 'Windows 10 Pro; OS build 19043.1503; Version 2009; 64bit' Language: 'tr' Physical Memory: 16328 MB
BatchMode: 1, IsHumanControllingUs: 0, StartBugReporterOnCrash: 0, Is64bit: 1, IsPro: 0

 COMMAND LINE ARGUMENTS:
C:\Program Files\Unity\Hub\Editor\2020.3.7f1\Editor\Unity.exe
-adb2
-batchMode
-noUpm
-name
AssetImportWorker1
-projectPath
E:/UnityProjects/Test
-logFile
Logs/AssetImportWorker1.log
-srvPort
52075
Successfully changed project path to: E:/UnityProjects/Test
E:/UnityProjects/Test
Using Asset Import Pipeline V2.
Refreshing native plugins compatible for Editor in 25.40 ms, found 0 plugins.
Preloading 0 native plugins for Editor in 0.00 ms.
Initialize engine version: 2020.3.7f1 (dd97f2c94397)
[Subsystems] Discovering subsystems at path C:/Program Files/Unity/Hub/Editor/2020.3.7f1/Editor/Data/Resources/UnitySubsystems
[Subsystems] Discovering subsystems at path E:/UnityProjects/Test/Assets
GfxDevice: creating device client; threaded=0
Direct3D:
    Version:  Direct3D 11.0 [level 11.1]
    Renderer: Radeon RX 580 Series (ID=0x67df)
    Vendor:   
    VRAM:     4075 MB
    Driver:   30.0.14023.3004
Initialize mono
Mono path[0] = 'C:/Program Files/Unity/Hub/Editor/2020.3.7f1/Editor/Data/Managed'
Mono path[1] = 'C:/Program Files/Unity/Hub/Editor/2020.3.7f1/Editor/Data/MonoBleedingEdge/lib/mono/unityjit'
Mono config path = 'C:/Program Files/Unity/Hub/Editor/2020.3.7f1/Editor/Data/MonoBleedingEdge/etc'
Using monoOptions --debugger-agent=transport=dt_socket,embedding=1,server=y,suspend=n,address=127.0.0.1:56028
Begin MonoManager ReloadAssembly
Registering precompiled unity dll's ...
Register platform support module: C:/Program Files/Unity/Hub/Editor/2020.3.7f1/Editor/Data/PlaybackEngines/WindowsStandaloneSupport/UnityEditor.WindowsStandalone.Extensions.dll
Registered in 0.002033 seconds.
Native extension for WindowsStandalone target not found
Refreshing native plugins compatible for Editor in 23.55 ms, found 0 plugins.
Preloading 0 native plugins for Editor in 0.00 ms.
Mono: successfully reloaded assembly
- Completed reload, in  1.713 seconds
Platform modules already initialized, skipping
Registering precompiled user dll's ...
Registered in 0.002203 seconds.
Begin MonoManager ReloadAssembly
Native extension for WindowsStandalone target not found
Refreshing native plugins compatible for Editor in 0.29 ms, found 0 plugins.
Preloading 0 native plugins for Editor in 0.00 ms.
Mono: successfully reloaded assembly
- Completed reload, in  0.806 seconds
Platform modules already initialized, skipping
========================================================================
Worker process is ready to serve import requests
Launched and connected shader compiler UnityShaderCompiler.exe after 0.09 seconds
Refreshing native plugins compatible for Editor in 0.24 ms, found 0 plugins.
Preloading 0 native plugins for Editor in 0.00 ms.
Unloading 1146 Unused Serialized files (Serialized files now loaded: 0)
System memory in use before: 77.7 MB.
System memory in use after: 77.7 MB.

Unloading 16 unused Assets to reduce memory usage. Loaded Objects now: 1615.
Total: 1.599000 ms (FindLiveObjects: 0.130900 ms CreateObjectMapping: 0.047100 ms MarkObjects: 1.328200 ms  DeleteObjects: 0.091500 ms)

========================================================================
Received Import Request.
  path: Assets/Core/Prefabs/Car.prefab
  artifactKey: Guid(7dcfbac99249d8c4e8fb70e7fcac6fd2) Importer(815301076,1909f56bfc062723c751e8b465ee728b)
Start importing Assets/Core/Prefabs/Car.prefab using Guid(7dcfbac99249d8c4e8fb70e7fcac6fd2) Importer(815301076,1909f56bfc062723c751e8b465ee728b)  -> (artifact id: 'c4695f08a540ff267466a046cf9d632e') in 0.116374 seconds
  Import took 0.118628 seconds .

========================================================================
Received Prepare
Registering precompiled user dll's ...
Registered in 0.002084 seconds.
Begin MonoManager ReloadAssembly
Native extension for WindowsStandalone target not found
Refreshing native plugins compatible for Editor in 0.22 ms, found 0 plugins.
Preloading 0 native plugins for Editor in 0.00 ms.
Mono: successfully reloaded assembly
- Completed reload, in  0.741 seconds
Platform modules already initialized, skipping
Refreshing native plugins compatible for Editor in 0.23 ms, found 0 plugins.
Preloading 0 native plugins for Editor in 0.00 ms.
Unloading 1141 Unused Serialized files (Serialized files now loaded: 0)
System memory in use before: 80.7 MB.
System memory in use after: 80.8 MB.

Unloading 11 unused Assets to reduce memory usage. Loaded Objects now: 1625.
Total: 1.534000 ms (FindLiveObjects: 0.110200 ms CreateObjectMapping: 0.031500 ms MarkObjects: 1.335600 ms  DeleteObjects: 0.055500 ms)

========================================================================
Received Prepare
Registering precompiled user dll's ...
Registered in 0.002103 seconds.
Begin MonoManager ReloadAssembly
Native extension for WindowsStandalone target not found
Refreshing native plugins compatible for Editor in 0.22 ms, found 0 plugins.
Preloading 0 native plugins for Editor in 0.00 ms.
Mono: successfully reloaded assembly
- Completed reload, in  0.724 seconds
Platform modules already initialized, skipping
Refreshing native plugins compatible for Editor in 0.22 ms, found 0 plugins.
Preloading 0 native plugins for Editor in 0.00 ms.
Unloading 1141 Unused Serialized files (Serialized files now loaded: 0)
System memory in use before: 80.7 MB.
System memory in use after: 80.8 MB.

Unloading 11 unused Assets to reduce memory usage. Loaded Objects now: 1628.
Total: 1.542400 ms (FindLiveObjects: 0.122300 ms CreateObjectMapping: 0.033300 ms MarkObjects: 1.329700 ms  DeleteObjects: 0.056400 ms)

========================================================================
Received Prepare
Registering precompiled user dll's ...
Registered in 0.002599 seconds.
Begin MonoManager ReloadAssembly
Native extension for WindowsStandalone target not found
Refreshing native plugins compatible for Editor in 0.23 ms, found 0 plugins.
Preloading 0 native plugins for Editor in 0.00 ms.
Mono: successfully reloaded assembly
- Completed reload, in  0.766 seconds
Platform modules already initialized, skipping
Refreshing native plugins compatible for Editor in 0.22 ms, found 0 plugins.
Preloading 0 native plugins for Editor in 0.00 ms.
Unloading 1141 Unused Serialized files (Serialized files now loaded: 0)
System memory in use before: 80.7 MB.
System memory in use after: 80.8 MB.

Unloading 11 unused Assets to reduce memory usage. Loaded Objects now: 1631.
Total: 1.517700 ms (FindLiveObjects: 0.116800 ms CreateObjectMapping: 0.031500 ms MarkObjects: 1.311700 ms  DeleteObjects: 0.056900 ms)

========================================================================
Received Prepare
Registering precompiled user dll's ...
Registered in 0.003054 seconds.
Begin MonoManager ReloadAssembly
Native extension for WindowsStandalone target not found
Refreshing native plugins compatible for Editor in 0.22 ms, found 0 plugins.
Preloading 0 native plugins for Editor in 0.00 ms.
Mono: successfully reloaded assembly
- Completed reload, in  0.765 seconds
Platform modules already initialized, skipping
Refreshing native plugins compatible for Editor in 0.22 ms, found 0 plugins.
Preloading 0 native plugins for Editor in 0.00 ms.
Unloading 1141 Unused Serialized files (Serialized files now loaded: 0)
System memory in use before: 80.7 MB.
System memory in use after: 80.8 MB.

Unloading 11 unused Assets to reduce memory usage. Loaded Objects now: 1634.
Total: 1.499300 ms (FindLiveObjects: 0.118000 ms CreateObjectMapping: 0.034100 ms MarkObjects: 1.285700 ms  DeleteObjects: 0.060700 ms)

========================================================================
Received Prepare
Registering precompiled user dll's ...
Registered in 0.002144 seconds.
Begin MonoManager ReloadAssembly
Native extension for WindowsStandalone target not found
Refreshing native plugins compatible for Editor in 0.26 ms, found 0 plugins.
Preloading 0 native plugins for Editor in 0.00 ms.
Mono: successfully reloaded assembly
- Completed reload, in  0.746 seconds
Platform modules already initialized, skipping
Refreshing native plugins compatible for Editor in 0.24 ms, found 0 plugins.
Preloading 0 native plugins for Editor in 0.00 ms.
Unloading 1141 Unused Serialized files (Serialized files now loaded: 0)
System memory in use before: 80.8 MB.
System memory in use after: 80.8 MB.

Unloading 11 unused Assets to reduce memory usage. Loaded Objects now: 1637.
Total: 1.392400 ms (FindLiveObjects: 0.120900 ms CreateObjectMapping: 0.032700 ms MarkObjects: 1.176400 ms  DeleteObjects: 0.061100 ms)

========================================================================
Received Import Request.
  Time since last request: 377.835983 seconds.
  path: Assets/Core/Scripts/Helpers/Singleton.cs
  artifactKey: Guid(b892ffc7c5d4b094285ef2c16525a046) Importer(815301076,1909f56bfc062723c751e8b465ee728b)
Start importing Assets/Core/Scripts/Helpers/Singleton.cs using Guid(b892ffc7c5d4b094285ef2c16525a046) Importer(815301076,1909f56bfc062723c751e8b465ee728b)  -> (artifact id: 'b4f5585fa9e827c29e96a9df494a6542') in 0.013128 seconds
  Import took 0.015277 seconds .

========================================================================
Received Prepare
Registering precompiled user dll's ...
Registered in 0.002105 seconds.
Begin MonoManager ReloadAssembly
Native extension for WindowsStandalone target not found
Refreshing native plugins compatible for Editor in 0.22 ms, found 0 plugins.
Preloading 0 native plugins for Editor in 0.00 ms.
Mono: successfully reloaded assembly
- Completed reload, in  0.752 seconds
Platform modules already initialized, skipping
Refreshing native plugins compatible for Editor in 0.23 ms, found 0 plugins.
Preloading 0 native plugins for Editor in 0.00 ms.
Unloading 1142 Unused Serialized files (Serialized files now loaded: 0)
System memory in use before: 80.8 MB.
System memory in use after: 80.9 MB.

Unloading 11 unused Assets to reduce memory usage. Loaded Objects now: 1641.
Total: 1.552100 ms (FindLiveObjects: 0.122400 ms CreateObjectMapping: 0.034500 ms MarkObjects: 1.336200 ms  DeleteObjects: 0.058000 ms)

========================================================================
Received Import Request.
  Time since last request: 18.548633 seconds.
  path: Assets/Core/Scripts/Helpers/Singleton.cs
  artifactKey: Guid(b892ffc7c5d4b094285ef2c16525a046) Importer(815301076,1909f56bfc062723c751e8b465ee728b)
Start importing Assets/Core/Scripts/Helpers/Singleton.cs using Guid(b892ffc7c5d4b094285ef2c16525a046) Importer(815301076,1909f56bfc062723c751e8b465ee728b)  -> (artifact id: '4eea027534c41b57ab89306af559b44c') in 0.003414 seconds
  Import took 0.005110 seconds .

========================================================================
Received Import Request.
  Time since last request: 4.842321 seconds.
  path: Assets/Core/Scripts/Managers
  artifactKey: Guid(c4c8041431db5174aaeb125b1a236712) Importer(815301076,1909f56bfc062723c751e8b465ee728b)
Start importing Assets/Core/Scripts/Managers using Guid(c4c8041431db5174aaeb125b1a236712) Importer(815301076,1909f56bfc062723c751e8b465ee728b)  -> (artifact id: 'ae7a3458396df61e87c41c8521ffae7f') in 0.006991 seconds
  Import took 0.008975 seconds .

========================================================================
Received Import Request.
  Time since last request: 7.844518 seconds.
  path: Assets/Core/Scripts/Managers/GameManager.cs
  artifactKey: Guid(ddabfcfb05c399b4ca45efd49dff943e) Importer(815301076,1909f56bfc062723c751e8b465ee728b)
Start importing Assets/Core/Scripts/Managers/GameManager.cs using Guid(ddabfcfb05c399b4ca45efd49dff943e) Importer(815301076,1909f56bfc062723c751e8b465ee728b)  -> (artifact id: '706c098fef9c67e6fe62a4cf9a82d811') in 0.006757 seconds
  Import took 0.008865 seconds .

========================================================================
Received Import Request.
  Time since last request: 6.453712 seconds.
  path: Assets/Core/Scripts/Managers/LevelManager.cs
  artifactKey: Guid(de5e7c4b45b0daa498640f8391ae6511) Importer(815301076,1909f56bfc062723c751e8b465ee728b)
Start importing Assets/Core/Scripts/Managers/LevelManager.cs using Guid(de5e7c4b45b0daa498640f8391ae6511) Importer(815301076,1909f56bfc062723c751e8b465ee728b)  -> (artifact id: '57d209a90ee191c95a6d49eb49529d25') in 0.006193 seconds
  Import took 0.008573 seconds .

========================================================================
Received Prepare
Registering precompiled user dll's ...
Registered in 0.002211 seconds.
Begin MonoManager ReloadAssembly
Native extension for WindowsStandalone target not found
Refreshing native plugins compatible for Editor in 0.26 ms, found 0 plugins.
Preloading 0 native plugins for Editor in 0.00 ms.
Mono: successfully reloaded assembly
- Completed reload, in  0.775 seconds
Platform modules already initialized, skipping
Refreshing native plugins compatible for Editor in 0.24 ms, found 0 plugins.
Preloading 0 native plugins for Editor in 0.00 ms.
Unloading 1144 Unused Serialized files (Serialized files now loaded: 0)
System memory in use before: 80.8 MB.
System memory in use after: 80.9 MB.

Unloading 11 unused Assets to reduce memory usage. Loaded Objects now: 1646.
Total: 1.654100 ms (FindLiveObjects: 0.173500 ms CreateObjectMapping: 0.041200 ms MarkObjects: 1.369100 ms  DeleteObjects: 0.061200 ms)

========================================================================
Received Import Request.
  Time since last request: 435.137805 seconds.
  path: Assets/Core/Scripts/Managers/LevelManager.cs
  artifactKey: Guid(de5e7c4b45b0daa498640f8391ae6511) Importer(815301076,1909f56bfc062723c751e8b465ee728b)
Start importing Assets/Core/Scripts/Managers/LevelManager.cs using Guid(de5e7c4b45b0daa498640f8391ae6511) Importer(815301076,1909f56bfc062723c751e8b465ee728b)  -> (artifact id: 'cd876c276ade987782c809a601441edd') in 0.006628 seconds
  Import took 0.008330 seconds .

========================================================================
Received Prepare
Registering precompiled user dll's ...
Registered in 0.003366 seconds.
Begin MonoManager ReloadAssembly
Native extension for WindowsStandalone target not found
Refreshing native plugins compatible for Editor in 0.24 ms, found 0 plugins.
Preloading 0 native plugins for Editor in 0.00 ms.
Mono: successfully reloaded assembly
- Completed reload, in  0.876 seconds
Platform modules already initialized, skipping
Refreshing native plugins compatible for Editor in 0.28 ms, found 0 plugins.
Preloading 0 native plugins for Editor in 0.00 ms.
Unloading 1144 Unused Serialized files (Serialized files now loaded: 0)
System memory in use before: 80.9 MB.
System memory in use after: 80.9 MB.

Unloading 11 unused Assets to reduce memory usage. Loaded Objects now: 1649.
Total: 1.884800 ms (FindLiveObjects: 0.259800 ms CreateObjectMapping: 0.230300 ms MarkObjects: 1.327600 ms  DeleteObjects: 0.066100 ms)

========================================================================
Received Prepare
Registering precompiled user dll's ...
Registered in 0.002232 seconds.
Begin MonoManager ReloadAssembly
Native extension for WindowsStandalone target not found
Refreshing native plugins compatible for Editor in 0.23 ms, found 0 plugins.
Preloading 0 native plugins for Editor in 0.00 ms.
Mono: successfully reloaded assembly
- Completed reload, in  0.778 seconds
Platform modules already initialized, skipping
Refreshing native plugins compatible for Editor in 0.22 ms, found 0 plugins.
Preloading 0 native plugins for Editor in 0.00 ms.
Unloading 1144 Unused Serialized files (Serialized files now loaded: 0)
System memory in use before: 80.9 MB.
System memory in use after: 80.9 MB.

Unloading 11 unused Assets to reduce memory usage. Loaded Objects now: 1652.
Total: 1.612500 ms (FindLiveObjects: 0.140300 ms CreateObjectMapping: 0.038800 ms MarkObjects: 1.371200 ms  DeleteObjects: 0.061100 ms)

========================================================================
Received Import Request.
  Time since last request: 199.015734 seconds.
  path: Assets/Core/Data/GateData 1.asset
  artifactKey: Guid(d3e72181760670540a584c512a92f3e2) Importer(815301076,1909f56bfc062723c751e8b465ee728b)
Start importing Assets/Core/Data/GateData 1.asset using Guid(d3e72181760670540a584c512a92f3e2) Importer(815301076,1909f56bfc062723c751e8b465ee728b)  -> (artifact id: '386790c700c2c813db812775cccbf1b8') in 0.053055 seconds
  Import took 0.055208 seconds .

========================================================================
Received Import Request.
  Time since last request: 0.002475 seconds.
  path: Assets/Core/Data/GateData 1.asset
  artifactKey: Guid(d3e72181760670540a584c512a92f3e2) Importer(815301076,1909f56bfc062723c751e8b465ee728b)
Start importing Assets/Core/Data/GateData 1.asset using Guid(d3e72181760670540a584c512a92f3e2) Importer(815301076,1909f56bfc062723c751e8b465ee728b)  -> (artifact id: '386790c700c2c813db812775cccbf1b8') in 0.003947 seconds
  Import took 0.006058 seconds .

========================================================================
Received Import Request.
  Time since last request: 14.740780 seconds.
  path: Assets/Core/Data/GateData 1.asset
  artifactKey: Guid(d3e72181760670540a584c512a92f3e2) Importer(815301076,1909f56bfc062723c751e8b465ee728b)
Start importing Assets/Core/Data/GateData 1.asset using Guid(d3e72181760670540a584c512a92f3e2) Importer(815301076,1909f56bfc062723c751e8b465ee728b)  -> (artifact id: '7206845eb3cd807ec85e2c02c6c87763') in 0.004461 seconds
  Import took 0.006418 seconds .

========================================================================
Received Prepare
Registering precompiled user dll's ...
Registered in 0.002407 seconds.
Begin MonoManager ReloadAssembly
Native extension for WindowsStandalone target not found
Refreshing native plugins compatible for Editor in 0.22 ms, found 0 plugins.
Preloading 0 native plugins for Editor in 0.00 ms.
Mono: successfully reloaded assembly
- Completed reload, in  0.734 seconds
Platform modules already initialized, skipping
Refreshing native plugins compatible for Editor in 0.22 ms, found 0 plugins.
Preloading 0 native plugins for Editor in 0.00 ms.
Unloading 1144 Unused Serialized files (Serialized files now loaded: 0)
System memory in use before: 80.9 MB.
System memory in use after: 80.9 MB.

Unloading 11 unused Assets to reduce memory usage. Loaded Objects now: 1655.
Total: 1.515000 ms (FindLiveObjects: 0.118600 ms CreateObjectMapping: 0.034900 ms MarkObjects: 1.300800 ms  DeleteObjects: 0.059500 ms)

========================================================================
Received Import Request.
  Time since last request: 443.576026 seconds.
  path: Assets/Core/Scripts/Controllers/ParkEffectController.cs
  artifactKey: Guid(5db93028c9eae69448919e6d414f2608) Importer(815301076,1909f56bfc062723c751e8b465ee728b)
Start importing Assets/Core/Scripts/Controllers/ParkEffectController.cs using Guid(5db93028c9eae69448919e6d414f2608) Importer(815301076,1909f56bfc062723c751e8b465ee728b)  -> (artifact id: '3722e27e2fdd4e4998fa373f6850bb5b') in 0.007787 seconds
  Import took 0.009708 seconds .

========================================================================
Received Prepare
Registering precompiled user dll's ...
Registered in 0.002149 seconds.
Begin MonoManager ReloadAssembly
Native extension for WindowsStandalone target not found
Refreshing native plugins compatible for Editor in 0.24 ms, found 0 plugins.
Preloading 0 native plugins for Editor in 0.00 ms.
Mono: successfully reloaded assembly
- Completed reload, in  0.746 seconds
Platform modules already initialized, skipping
Refreshing native plugins compatible for Editor in 0.22 ms, found 0 plugins.
Preloading 0 native plugins for Editor in 0.00 ms.
Unloading 1145 Unused Serialized files (Serialized files now loaded: 0)
System memory in use before: 80.9 MB.
System memory in use after: 81.0 MB.

Unloading 11 unused Assets to reduce memory usage. Loaded Objects now: 1659.
Total: 1.557400 ms (FindLiveObjects: 0.115100 ms CreateObjectMapping: 0.031500 ms MarkObjects: 1.350000 ms  DeleteObjects: 0.059700 ms)

========================================================================
Received Import Request.
  Time since last request: 164.542393 seconds.
  path: Assets/Core/Scripts/Controllers/ParkEffectController.cs
  artifactKey: Guid(5db93028c9eae69448919e6d414f2608) Importer(815301076,1909f56bfc062723c751e8b465ee728b)
Start importing Assets/Core/Scripts/Controllers/ParkEffectController.cs using Guid(5db93028c9eae69448919e6d414f2608) Importer(815301076,1909f56bfc062723c751e8b465ee728b)  -> (artifact id: '098b9fbce18838f438f309d1716ef457') in 0.003438 seconds
  Import took 0.005237 seconds .

========================================================================
Received Import Request.
  Time since last request: 141.146046 seconds.
  path: Assets/Core/Art/2D/Red-Close-Button-Transparent.png
  artifactKey: Guid(8b8f646c72b505949866dc10b5ac7c6b) Importer(815301076,1909f56bfc062723c751e8b465ee728b)
Start importing Assets/Core/Art/2D/Red-Close-Button-Transparent.png using Guid(8b8f646c72b505949866dc10b5ac7c6b) Importer(815301076,1909f56bfc062723c751e8b465ee728b)  -> (artifact id: 'cfb7b0693b1c23d705c1af77d5069b6c') in 0.044082 seconds
  Import took 0.056215 seconds .

========================================================================
Received Import Request.
  Time since last request: 3.487414 seconds.
  path: Assets/Core/Art/2D/Red-Close-Button-Transparent.png
  artifactKey: Guid(8b8f646c72b505949866dc10b5ac7c6b) Importer(815301076,1909f56bfc062723c751e8b465ee728b)
Start importing Assets/Core/Art/2D/Red-Close-Button-Transparent.png using Guid(8b8f646c72b505949866dc10b5ac7c6b) Importer(815301076,1909f56bfc062723c751e8b465ee728b)  -> (artifact id: 'bc26974ed11698b4967fc5e3af561927') in 0.039658 seconds
  Import took 0.042223 seconds .

========================================================================
Received Import Request.
  Time since last request: 7.595369 seconds.
  path: Assets/Core/Art/2D/x.png
  artifactKey: Guid(8b8f646c72b505949866dc10b5ac7c6b) Importer(815301076,1909f56bfc062723c751e8b465ee728b)
Start importing Assets/Core/Art/2D/x.png using Guid(8b8f646c72b505949866dc10b5ac7c6b) Importer(815301076,1909f56bfc062723c751e8b465ee728b)  -> (artifact id: 'a0d277e5150db3418d2fe93f47022feb') in 0.011166 seconds
  Import took 0.013271 seconds .

========================================================================
Received Prepare
Registering precompiled user dll's ...
Registered in 0.002168 seconds.
Begin MonoManager ReloadAssembly
Native extension for WindowsStandalone target not found
Refreshing native plugins compatible for Editor in 0.22 ms, found 0 plugins.
Preloading 0 native plugins for Editor in 0.00 ms.
Mono: successfully reloaded assembly
- Completed reload, in  0.737 seconds
Platform modules already initialized, skipping
Refreshing native plugins compatible for Editor in 0.22 ms, found 0 plugins.
Preloading 0 native plugins for Editor in 0.00 ms.
Unloading 1145 Unused Serialized files (Serialized files now loaded: 0)
System memory in use before: 80.9 MB.
System memory in use after: 81.0 MB.

Unloading 11 unused Assets to reduce memory usage. Loaded Objects now: 1665.
Total: 1.518300 ms (FindLiveObjects: 0.119500 ms CreateObjectMapping: 0.031000 ms MarkObjects: 1.307200 ms  DeleteObjects: 0.059700 ms)

========================================================================
Received Import Request.
  Time since last request: 431.195273 seconds.
  path: Assets/Core/Prefabs/ParkEffect.prefab
  artifactKey: Guid(2b2ffde5438e0b740b2ea62234895ad1) Importer(815301076,1909f56bfc062723c751e8b465ee728b)
Start importing Assets/Core/Prefabs/ParkEffect.prefab using Guid(2b2ffde5438e0b740b2ea62234895ad1) Importer(815301076,1909f56bfc062723c751e8b465ee728b)  -> (artifact id: 'a6e4aaba7501c8fe04249862dda8139a') in 0.059700 seconds
  Import took 0.068966 seconds .

========================================================================
Received Import Request.
  Time since last request: 20.507420 seconds.
  path: Assets/Core/Prefabs/Car.prefab
  artifactKey: Guid(7dcfbac99249d8c4e8fb70e7fcac6fd2) Importer(815301076,1909f56bfc062723c751e8b465ee728b)
Start importing Assets/Core/Prefabs/Car.prefab using Guid(7dcfbac99249d8c4e8fb70e7fcac6fd2) Importer(815301076,1909f56bfc062723c751e8b465ee728b)  -> (artifact id: '157aecb97139eb3ce4d62d885744f31a') in 0.021420 seconds
  Import took 0.023393 seconds .

========================================================================
Received Import Request.
  Time since last request: 0.022385 seconds.
  path: Assets/Core/Prefabs/Car.prefab
  artifactKey: Guid(7dcfbac99249d8c4e8fb70e7fcac6fd2) Importer(815301076,1909f56bfc062723c751e8b465ee728b)
Start importing Assets/Core/Prefabs/Car.prefab using Guid(7dcfbac99249d8c4e8fb70e7fcac6fd2) Importer(815301076,1909f56bfc062723c751e8b465ee728b)  -> (artifact id: '157aecb97139eb3ce4d62d885744f31a') in 0.012786 seconds
  Import took 0.014690 seconds .

========================================================================
Received Import Request.
  Time since last request: 5.977075 seconds.
  path: Assets/Core/Prefabs/Car.prefab
  artifactKey: Guid(7dcfbac99249d8c4e8fb70e7fcac6fd2) Importer(815301076,1909f56bfc062723c751e8b465ee728b)
Start importing Assets/Core/Prefabs/Car.prefab using Guid(7dcfbac99249d8c4e8fb70e7fcac6fd2) Importer(815301076,1909f56bfc062723c751e8b465ee728b)  -> (artifact id: '7a77435ffa1eab8cf266e47fb81ca73e') in 0.013670 seconds
  Import took 0.016427 seconds .

========================================================================
Received Prepare
Registering precompiled user dll's ...
Registered in 0.002134 seconds.
Begin MonoManager ReloadAssembly
Native extension for WindowsStandalone target not found
Refreshing native plugins compatible for Editor in 0.22 ms, found 0 plugins.
Preloading 0 native plugins for Editor in 0.00 ms.
Mono: successfully reloaded assembly
- Completed reload, in  0.720 seconds
Platform modules already initialized, skipping
Refreshing native plugins compatible for Editor in 0.22 ms, found 0 plugins.
Preloading 0 native plugins for Editor in 0.00 ms.
Unloading 1145 Unused Serialized files (Serialized files now loaded: 0)
System memory in use before: 80.9 MB.
System memory in use after: 81.0 MB.

Unloading 11 unused Assets to reduce memory usage. Loaded Objects now: 1669.
Total: 1.530800 ms (FindLiveObjects: 0.109900 ms CreateObjectMapping: 0.030600 ms MarkObjects: 1.334100 ms  DeleteObjects: 0.055300 ms)

========================================================================
Received Prepare
Registering precompiled user dll's ...
Registered in 0.002259 seconds.
Begin MonoManager ReloadAssembly
Native extension for WindowsStandalone target not found
Refreshing native plugins compatible for Editor in 0.21 ms, found 0 plugins.
Preloading 0 native plugins for Editor in 0.00 ms.
Mono: successfully reloaded assembly
- Completed reload, in  0.714 seconds
Platform modules already initialized, skipping
Refreshing native plugins compatible for Editor in 0.22 ms, found 0 plugins.
Preloading 0 native plugins for Editor in 0.00 ms.
Unloading 1145 Unused Serialized files (Serialized files now loaded: 0)
System memory in use before: 80.9 MB.
System memory in use after: 81.0 MB.

Unloading 11 unused Assets to reduce memory usage. Loaded Objects now: 1672.
Total: 1.586400 ms (FindLiveObjects: 0.122800 ms CreateObjectMapping: 0.031900 ms MarkObjects: 1.369200 ms  DeleteObjects: 0.061000 ms)

========================================================================
Received Prepare
Registering precompiled user dll's ...
Registered in 0.002198 seconds.
Begin MonoManager ReloadAssembly
Native extension for WindowsStandalone target not found
Refreshing native plugins compatible for Editor in 0.23 ms, found 0 plugins.
Preloading 0 native plugins for Editor in 0.00 ms.
Mono: successfully reloaded assembly
- Completed reload, in  0.786 seconds
Platform modules already initialized, skipping
Refreshing native plugins compatible for Editor in 0.22 ms, found 0 plugins.
Preloading 0 native plugins for Editor in 0.00 ms.
Unloading 1145 Unused Serialized files (Serialized files now loaded: 0)
System memory in use before: 81.0 MB.
System memory in use after: 81.0 MB.

Unloading 11 unused Assets to reduce memory usage. Loaded Objects now: 1675.
Total: 1.502800 ms (FindLiveObjects: 0.132600 ms CreateObjectMapping: 0.038300 ms MarkObjects: 1.268700 ms  DeleteObjects: 0.062200 ms)

========================================================================
Received Prepare
Registering precompiled user dll's ...
Registered in 0.002240 seconds.
Begin MonoManager ReloadAssembly
Native extension for WindowsStandalone target not found
Refreshing native plugins compatible for Editor in 0.23 ms, found 0 plugins.
Preloading 0 native plugins for Editor in 0.00 ms.
Mono: successfully reloaded assembly
- Completed reload, in  0.806 seconds
Platform modules already initialized, skipping
Refreshing native plugins compatible for Editor in 0.25 ms, found 0 plugins.
Preloading 0 native plugins for Editor in 0.00 ms.
Unloading 1145 Unused Serialized files (Serialized files now loaded: 0)
System memory in use before: 81.0 MB.
System memory in use after: 81.0 MB.

Unloading 11 unused Assets to reduce memory usage. Loaded Objects now: 1678.
Total: 2.219300 ms (FindLiveObjects: 0.233100 ms CreateObjectMapping: 0.101600 ms MarkObjects: 1.818100 ms  DeleteObjects: 0.065000 ms)

========================================================================
Received Prepare
Registering precompiled user dll's ...
Registered in 0.002175 seconds.
Begin MonoManager ReloadAssembly
Native extension for WindowsStandalone target not found
Refreshing native plugins compatible for Editor in 0.23 ms, found 0 plugins.
Preloading 0 native plugins for Editor in 0.00 ms.
Mono: successfully reloaded assembly
- Completed reload, in  0.731 seconds
Platform modules already initialized, skipping
Refreshing native plugins compatible for Editor in 0.22 ms, found 0 plugins.
Preloading 0 native plugins for Editor in 0.00 ms.
Unloading 1145 Unused Serialized files (Serialized files now loaded: 0)
System memory in use before: 81.0 MB.
System memory in use after: 81.0 MB.

Unloading 11 unused Assets to reduce memory usage. Loaded Objects now: 1681.
Total: 1.479200 ms (FindLiveObjects: 0.140000 ms CreateObjectMapping: 0.034500 ms MarkObjects: 1.243300 ms  DeleteObjects: 0.060200 ms)

========================================================================
Received Prepare
Registering precompiled user dll's ...
Registered in 0.002191 seconds.
Begin MonoManager ReloadAssembly
Native extension for WindowsStandalone target not found
Refreshing native plugins compatible for Editor in 0.22 ms, found 0 plugins.
Preloading 0 native plugins for Editor in 0.00 ms.
Mono: successfully reloaded assembly
- Completed reload, in  0.740 seconds
Platform modules already initialized, skipping
Refreshing native plugins compatible for Editor in 0.22 ms, found 0 plugins.
Preloading 0 native plugins for Editor in 0.00 ms.
Unloading 1145 Unused Serialized files (Serialized files now loaded: 0)
System memory in use before: 81.0 MB.
System memory in use after: 81.0 MB.

Unloading 11 unused Assets to reduce memory usage. Loaded Objects now: 1684.
Total: 1.582300 ms (FindLiveObjects: 0.173600 ms CreateObjectMapping: 0.038400 ms MarkObjects: 1.310200 ms  DeleteObjects: 0.059100 ms)

========================================================================
Received Prepare
Registering precompiled user dll's ...
Registered in 0.002895 seconds.
Begin MonoManager ReloadAssembly
Native extension for WindowsStandalone target not found
Refreshing native plugins compatible for Editor in 0.23 ms, found 0 plugins.
Preloading 0 native plugins for Editor in 0.00 ms.
Mono: successfully reloaded assembly
- Completed reload, in  0.755 seconds
Platform modules already initialized, skipping
Refreshing native plugins compatible for Editor in 0.22 ms, found 0 plugins.
Preloading 0 native plugins for Editor in 0.00 ms.
Unloading 1145 Unused Serialized files (Serialized files now loaded: 0)
System memory in use before: 81.0 MB.
System memory in use after: 81.0 MB.

Unloading 11 unused Assets to reduce memory usage. Loaded Objects now: 1687.
Total: 1.746600 ms (FindLiveObjects: 0.126900 ms CreateObjectMapping: 0.035100 ms MarkObjects: 1.509500 ms  DeleteObjects: 0.074000 ms)

========================================================================
Received Import Request.
  Time since last request: 405.290141 seconds.
  path: Assets/Core/Prefabs/ParkEffect.prefab
  artifactKey: Guid(2b2ffde5438e0b740b2ea62234895ad1) Importer(815301076,1909f56bfc062723c751e8b465ee728b)
Start importing Assets/Core/Prefabs/ParkEffect.prefab using Guid(2b2ffde5438e0b740b2ea62234895ad1) Importer(815301076,1909f56bfc062723c751e8b465ee728b)  -> (artifact id: 'c70e79f852846d7e79eb06ce3fdd9599') in 0.051286 seconds
  Import took 0.053367 seconds .

========================================================================
Received Import Request.
  Time since last request: 0.038946 seconds.
  path: Assets/Core/Prefabs/ParkEffect.prefab
  artifactKey: Guid(2b2ffde5438e0b740b2ea62234895ad1) Importer(815301076,1909f56bfc062723c751e8b465ee728b)
Start importing Assets/Core/Prefabs/ParkEffect.prefab using Guid(2b2ffde5438e0b740b2ea62234895ad1) Importer(815301076,1909f56bfc062723c751e8b465ee728b)  -> (artifact id: 'c70e79f852846d7e79eb06ce3fdd9599') in 0.007471 seconds
  Import took 0.009290 seconds .

========================================================================
Received Prepare
Registering precompiled user dll's ...
Registered in 0.002292 seconds.
Begin MonoManager ReloadAssembly
Native extension for WindowsStandalone target not found
Refreshing native plugins compatible for Editor in 0.22 ms, found 0 plugins.
Preloading 0 native plugins for Editor in 0.00 ms.
Mono: successfully reloaded assembly
- Completed reload, in  0.765 seconds
Platform modules already initialized, skipping
Refreshing native plugins compatible for Editor in 0.22 ms, found 0 plugins.
Preloading 0 native plugins for Editor in 0.00 ms.
Unloading 1145 Unused Serialized files (Serialized files now loaded: 0)
System memory in use before: 81.0 MB.
System memory in use after: 81.1 MB.

Unloading 11 unused Assets to reduce memory usage. Loaded Objects now: 1691.
Total: 1.533700 ms (FindLiveObjects: 0.130500 ms CreateObjectMapping: 0.039900 ms MarkObjects: 1.303700 ms  DeleteObjects: 0.058800 ms)

========================================================================
Received Prepare
Registering precompiled user dll's ...
Registered in 0.002374 seconds.
Begin MonoManager ReloadAssembly
Native extension for WindowsStandalone target not found
Refreshing native plugins compatible for Editor in 0.22 ms, found 0 plugins.
Preloading 0 native plugins for Editor in 0.00 ms.
Mono: successfully reloaded assembly
- Completed reload, in  0.730 seconds
Platform modules already initialized, skipping
Refreshing native plugins compatible for Editor in 0.21 ms, found 0 plugins.
Preloading 0 native plugins for Editor in 0.00 ms.
Unloading 1145 Unused Serialized files (Serialized files now loaded: 0)
System memory in use before: 81.0 MB.
System memory in use after: 81.1 MB.

Unloading 11 unused Assets to reduce memory usage. Loaded Objects now: 1694.
Total: 1.507200 ms (FindLiveObjects: 0.146600 ms CreateObjectMapping: 0.034500 ms MarkObjects: 1.270700 ms  DeleteObjects: 0.054700 ms)

========================================================================
Received Prepare
Registering precompiled user dll's ...
Registered in 0.002234 seconds.
Begin MonoManager ReloadAssembly
Native extension for WindowsStandalone target not found
Refreshing native plugins compatible for Editor in 0.22 ms, found 0 plugins.
Preloading 0 native plugins for Editor in 0.00 ms.
Mono: successfully reloaded assembly
- Completed reload, in  0.793 seconds
Platform modules already initialized, skipping
Refreshing native plugins compatible for Editor in 0.22 ms, found 0 plugins.
Preloading 0 native plugins for Editor in 0.00 ms.
Unloading 1145 Unused Serialized files (Serialized files now loaded: 0)
System memory in use before: 81.0 MB.
System memory in use after: 81.1 MB.

Unloading 11 unused Assets to reduce memory usage. Loaded Objects now: 1697.
Total: 1.597700 ms (FindLiveObjects: 0.191200 ms CreateObjectMapping: 0.036800 ms MarkObjects: 1.309400 ms  DeleteObjects: 0.059200 ms)

========================================================================
Received Prepare
Registering precompiled user dll's ...
Registered in 0.002133 seconds.
Begin MonoManager ReloadAssembly
Native extension for WindowsStandalone target not found
Refreshing native plugins compatible for Editor in 0.24 ms, found 0 plugins.
Preloading 0 native plugins for Editor in 0.00 ms.
Mono: successfully reloaded assembly
- Completed reload, in  0.765 seconds
Platform modules already initialized, skipping
Refreshing native plugins compatible for Editor in 0.29 ms, found 0 plugins.
Preloading 0 native plugins for Editor in 0.00 ms.
Unloading 1145 Unused Serialized files (Serialized files now loaded: 0)
System memory in use before: 81.0 MB.
System memory in use after: 81.1 MB.

Unloading 11 unused Assets to reduce memory usage. Loaded Objects now: 1700.
Total: 1.533800 ms (FindLiveObjects: 0.132000 ms CreateObjectMapping: 0.035000 ms MarkObjects: 1.304000 ms  DeleteObjects: 0.061900 ms)

========================================================================
Received Prepare
Registering precompiled user dll's ...
Registered in 0.002594 seconds.
Begin MonoManager ReloadAssembly
Native extension for WindowsStandalone target not found
Refreshing native plugins compatible for Editor in 0.24 ms, found 0 plugins.
Preloading 0 native plugins for Editor in 0.00 ms.
Mono: successfully reloaded assembly
- Completed reload, in  0.827 seconds
Platform modules already initialized, skipping
Refreshing native plugins compatible for Editor in 0.23 ms, found 0 plugins.
Preloading 0 native plugins for Editor in 0.00 ms.
Unloading 1145 Unused Serialized files (Serialized files now loaded: 0)
System memory in use before: 81.0 MB.
System memory in use after: 81.1 MB.

Unloading 11 unused Assets to reduce memory usage. Loaded Objects now: 1703.
Total: 1.887600 ms (FindLiveObjects: 0.141200 ms CreateObjectMapping: 0.036000 ms MarkObjects: 1.643900 ms  DeleteObjects: 0.065500 ms)

========================================================================
Received Prepare
Registering precompiled user dll's ...
Registered in 0.002317 seconds.
Begin MonoManager ReloadAssembly
Native extension for WindowsStandalone target not found
Refreshing native plugins compatible for Editor in 0.24 ms, found 0 plugins.
Preloading 0 native plugins for Editor in 0.00 ms.
Mono: successfully reloaded assembly
- Completed reload, in  0.735 seconds
Platform modules already initialized, skipping
Refreshing native plugins compatible for Editor in 0.22 ms, found 0 plugins.
Preloading 0 native plugins for Editor in 0.00 ms.
Unloading 1145 Unused Serialized files (Serialized files now loaded: 0)
System memory in use before: 81.0 MB.
System memory in use after: 81.1 MB.

Unloading 11 unused Assets to reduce memory usage. Loaded Objects now: 1706.
Total: 1.475200 ms (FindLiveObjects: 0.130200 ms CreateObjectMapping: 0.033800 ms MarkObjects: 1.250700 ms  DeleteObjects: 0.059300 ms)

========================================================================
Received Prepare
Registering precompiled user dll's ...
Registered in 0.003024 seconds.
Begin MonoManager ReloadAssembly
Native extension for WindowsStandalone target not found
Refreshing native plugins compatible for Editor in 0.23 ms, found 0 plugins.
Preloading 0 native plugins for Editor in 0.00 ms.
Mono: successfully reloaded assembly
- Completed reload, in  0.732 seconds
Platform modules already initialized, skipping
Refreshing native plugins compatible for Editor in 0.22 ms, found 0 plugins.
Preloading 0 native plugins for Editor in 0.00 ms.
Unloading 1145 Unused Serialized files (Serialized files now loaded: 0)
System memory in use before: 81.0 MB.
System memory in use after: 81.1 MB.

Unloading 11 unused Assets to reduce memory usage. Loaded Objects now: 1709.
Total: 3.013000 ms (FindLiveObjects: 0.139900 ms CreateObjectMapping: 0.039300 ms MarkObjects: 2.722000 ms  DeleteObjects: 0.110400 ms)

========================================================================
Received Prepare
Registering precompiled user dll's ...
Registered in 0.002156 seconds.
Begin MonoManager ReloadAssembly
Native extension for WindowsStandalone target not found
Refreshing native plugins compatible for Editor in 0.23 ms, found 0 plugins.
Preloading 0 native plugins for Editor in 0.00 ms.
Mono: successfully reloaded assembly
- Completed reload, in  0.753 seconds
Platform modules already initialized, skipping
Refreshing native plugins compatible for Editor in 0.23 ms, found 0 plugins.
Preloading 0 native plugins for Editor in 0.00 ms.
Unloading 1145 Unused Serialized files (Serialized files now loaded: 0)
System memory in use before: 81.0 MB.
System memory in use after: 81.1 MB.

Unloading 11 unused Assets to reduce memory usage. Loaded Objects now: 1712.
Total: 1.629500 ms (FindLiveObjects: 0.137700 ms CreateObjectMapping: 0.040500 ms MarkObjects: 1.387700 ms  DeleteObjects: 0.062600 ms)

========================================================================
Received Prepare
Registering precompiled user dll's ...
Registered in 0.002113 seconds.
Begin MonoManager ReloadAssembly
Native extension for WindowsStandalone target not found
Refreshing native plugins compatible for Editor in 0.23 ms, found 0 plugins.
Preloading 0 native plugins for Editor in 0.00 ms.
Mono: successfully reloaded assembly
- Completed reload, in  0.757 seconds
Platform modules already initialized, skipping
Refreshing native plugins compatible for Editor in 0.22 ms, found 0 plugins.
Preloading 0 native plugins for Editor in 0.00 ms.
Unloading 1145 Unused Serialized files (Serialized files now loaded: 0)
System memory in use before: 81.0 MB.
System memory in use after: 81.1 MB.

Unloading 11 unused Assets to reduce memory usage. Loaded Objects now: 1715.
Total: 1.595300 ms (FindLiveObjects: 0.131700 ms CreateObjectMapping: 0.039400 ms MarkObjects: 1.358400 ms  DeleteObjects: 0.064400 ms)

========================================================================
Received Prepare
Registering precompiled user dll's ...
Registered in 0.003718 seconds.
Begin MonoManager ReloadAssembly
Native extension for WindowsStandalone target not found
Refreshing native plugins compatible for Editor in 0.22 ms, found 0 plugins.
Preloading 0 native plugins for Editor in 0.00 ms.
Mono: successfully reloaded assembly
- Completed reload, in  0.829 seconds
Platform modules already initialized, skipping
Refreshing native plugins compatible for Editor in 0.24 ms, found 0 plugins.
Preloading 0 native plugins for Editor in 0.00 ms.
Unloading 1145 Unused Serialized files (Serialized files now loaded: 0)
System memory in use before: 81.0 MB.
System memory in use after: 81.1 MB.

Unloading 11 unused Assets to reduce memory usage. Loaded Objects now: 1718.
Total: 1.572700 ms (FindLiveObjects: 0.130100 ms CreateObjectMapping: 0.033100 ms MarkObjects: 1.350200 ms  DeleteObjects: 0.058600 ms)

========================================================================
Received Prepare
Registering precompiled user dll's ...
Registered in 0.002372 seconds.
Begin MonoManager ReloadAssembly
Native extension for WindowsStandalone target not found
Refreshing native plugins compatible for Editor in 0.25 ms, found 0 plugins.
Preloading 0 native plugins for Editor in 0.00 ms.
Mono: successfully reloaded assembly
- Completed reload, in  0.822 seconds
Platform modules already initialized, skipping
Refreshing native plugins compatible for Editor in 0.22 ms, found 0 plugins.
Preloading 0 native plugins for Editor in 0.00 ms.
Unloading 1145 Unused Serialized files (Serialized files now loaded: 0)
System memory in use before: 81.0 MB.
System memory in use after: 81.1 MB.

Unloading 11 unused Assets to reduce memory usage. Loaded Objects now: 1721.
Total: 1.538400 ms (FindLiveObjects: 0.142500 ms CreateObjectMapping: 0.036200 ms MarkObjects: 1.299700 ms  DeleteObjects: 0.059100 ms)

========================================================================
Received Prepare
Registering precompiled user dll's ...
Registered in 0.002146 seconds.
Begin MonoManager ReloadAssembly
Native extension for WindowsStandalone target not found
Refreshing native plugins compatible for Editor in 0.22 ms, found 0 plugins.
Preloading 0 native plugins for Editor in 0.00 ms.
Mono: successfully reloaded assembly
- Completed reload, in  0.759 seconds
Platform modules already initialized, skipping
Refreshing native plugins compatible for Editor in 0.22 ms, found 0 plugins.
Preloading 0 native plugins for Editor in 0.00 ms.
Unloading 1145 Unused Serialized files (Serialized files now loaded: 0)
System memory in use before: 81.0 MB.
System memory in use after: 81.1 MB.

Unloading 11 unused Assets to reduce memory usage. Loaded Objects now: 1724.
Total: 1.598000 ms (FindLiveObjects: 0.137900 ms CreateObjectMapping: 0.037400 ms MarkObjects: 1.332500 ms  DeleteObjects: 0.089100 ms)

========================================================================
Received Prepare
Registering precompiled user dll's ...
Registered in 0.002685 seconds.
Begin MonoManager ReloadAssembly
Native extension for WindowsStandalone target not found
Refreshing native plugins compatible for Editor in 0.22 ms, found 0 plugins.
Preloading 0 native plugins for Editor in 0.00 ms.
Mono: successfully reloaded assembly
- Completed reload, in  0.747 seconds
Platform modules already initialized, skipping
Refreshing native plugins compatible for Editor in 0.22 ms, found 0 plugins.
Preloading 0 native plugins for Editor in 0.00 ms.
Unloading 1145 Unused Serialized files (Serialized files now loaded: 0)
System memory in use before: 81.0 MB.
System memory in use after: 81.1 MB.

Unloading 11 unused Assets to reduce memory usage. Loaded Objects now: 1727.
Total: 1.528500 ms (FindLiveObjects: 0.126300 ms CreateObjectMapping: 0.037300 ms MarkObjects: 1.304400 ms  DeleteObjects: 0.059600 ms)

========================================================================
Received Prepare
Registering precompiled user dll's ...
Registered in 0.002144 seconds.
Begin MonoManager ReloadAssembly
Native extension for WindowsStandalone target not found
Refreshing native plugins compatible for Editor in 0.26 ms, found 0 plugins.
Preloading 0 native plugins for Editor in 0.00 ms.
Mono: successfully reloaded assembly
- Completed reload, in  0.901 seconds
Platform modules already initialized, skipping
Refreshing native plugins compatible for Editor in 0.24 ms, found 0 plugins.
Preloading 0 native plugins for Editor in 0.00 ms.
Unloading 1145 Unused Serialized files (Serialized files now loaded: 0)
System memory in use before: 81.1 MB.
System memory in use after: 81.1 MB.

Unloading 11 unused Assets to reduce memory usage. Loaded Objects now: 1730.
Total: 2.034200 ms (FindLiveObjects: 0.308900 ms CreateObjectMapping: 0.045500 ms MarkObjects: 1.608700 ms  DeleteObjects: 0.069700 ms)

========================================================================
Received Prepare
Registering precompiled user dll's ...
Registered in 0.002193 seconds.
Begin MonoManager ReloadAssembly
Native extension for WindowsStandalone target not found
Refreshing native plugins compatible for Editor in 0.24 ms, found 0 plugins.
Preloading 0 native plugins for Editor in 0.00 ms.
Mono: successfully reloaded assembly
- Completed reload, in  0.727 seconds
Platform modules already initialized, skipping
Refreshing native plugins compatible for Editor in 0.22 ms, found 0 plugins.
Preloading 0 native plugins for Editor in 0.00 ms.
Unloading 1145 Unused Serialized files (Serialized files now loaded: 0)
System memory in use before: 81.1 MB.
System memory in use after: 81.1 MB.

Unloading 11 unused Assets to reduce memory usage. Loaded Objects now: 1733.
Total: 1.476900 ms (FindLiveObjects: 0.135100 ms CreateObjectMapping: 0.033700 ms MarkObjects: 1.246600 ms  DeleteObjects: 0.060500 ms)

========================================================================
Received Import Request.
  Time since last request: 860.109929 seconds.
  path: Assets/Core/Data/GateData 1.asset
  artifactKey: Guid(d3e72181760670540a584c512a92f3e2) Importer(815301076,1909f56bfc062723c751e8b465ee728b)
Start importing Assets/Core/Data/GateData 1.asset using Guid(d3e72181760670540a584c512a92f3e2) Importer(815301076,1909f56bfc062723c751e8b465ee728b)  -> (artifact id: '274393ee02745b0c5873fa10c4d09a3e') in 0.012916 seconds
  Import took 0.014873 seconds .

========================================================================
Received Import Request.
  Time since last request: 1.771049 seconds.
  path: Assets/Core/Data/GateData 1.asset
  artifactKey: Guid(d3e72181760670540a584c512a92f3e2) Importer(815301076,1909f56bfc062723c751e8b465ee728b)
Start importing Assets/Core/Data/GateData 1.asset using Guid(d3e72181760670540a584c512a92f3e2) Importer(815301076,1909f56bfc062723c751e8b465ee728b)  -> (artifact id: '274393ee02745b0c5873fa10c4d09a3e') in 0.004281 seconds
  Import took 0.006142 seconds .

========================================================================
Received Prepare
Registering precompiled user dll's ...
Registered in 0.002133 seconds.
Begin MonoManager ReloadAssembly
Native extension for WindowsStandalone target not found
Refreshing native plugins compatible for Editor in 0.23 ms, found 0 plugins.
Preloading 0 native plugins for Editor in 0.00 ms.
Mono: successfully reloaded assembly
- Completed reload, in  0.757 seconds
Platform modules already initialized, skipping
Refreshing native plugins compatible for Editor in 0.22 ms, found 0 plugins.
Preloading 0 native plugins for Editor in 0.00 ms.
Unloading 1145 Unused Serialized files (Serialized files now loaded: 0)
System memory in use before: 81.1 MB.
System memory in use after: 81.1 MB.

Unloading 11 unused Assets to reduce memory usage. Loaded Objects now: 1736.
Total: 1.513900 ms (FindLiveObjects: 0.124100 ms CreateObjectMapping: 0.033000 ms MarkObjects: 1.300300 ms  DeleteObjects: 0.055800 ms)

========================================================================
Received Prepare
Registering precompiled user dll's ...
Registered in 0.002101 seconds.
Begin MonoManager ReloadAssembly
Native extension for WindowsStandalone target not found
Refreshing native plugins compatible for Editor in 0.23 ms, found 0 plugins.
Preloading 0 native plugins for Editor in 0.00 ms.
Mono: successfully reloaded assembly
- Completed reload, in  0.743 seconds
Platform modules already initialized, skipping
Refreshing native plugins compatible for Editor in 0.23 ms, found 0 plugins.
Preloading 0 native plugins for Editor in 0.00 ms.
Unloading 1145 Unused Serialized files (Serialized files now loaded: 0)
System memory in use before: 81.1 MB.
System memory in use after: 81.1 MB.

Unloading 11 unused Assets to reduce memory usage. Loaded Objects now: 1739.
Total: 1.573000 ms (FindLiveObjects: 0.127200 ms CreateObjectMapping: 0.033700 ms MarkObjects: 1.351000 ms  DeleteObjects: 0.060100 ms)

========================================================================
Received Prepare
Registering precompiled user dll's ...
Registered in 0.002331 seconds.
Begin MonoManager ReloadAssembly
Native extension for WindowsStandalone target not found
Refreshing native plugins compatible for Editor in 0.22 ms, found 0 plugins.
Preloading 0 native plugins for Editor in 0.00 ms.
Mono: successfully reloaded assembly
- Completed reload, in  0.737 seconds
Platform modules already initialized, skipping
Refreshing native plugins compatible for Editor in 0.22 ms, found 0 plugins.
Preloading 0 native plugins for Editor in 0.00 ms.
Unloading 1145 Unused Serialized files (Serialized files now loaded: 0)
System memory in use before: 81.1 MB.
System memory in use after: 81.1 MB.

Unloading 11 unused Assets to reduce memory usage. Loaded Objects now: 1742.
Total: 1.614300 ms (FindLiveObjects: 0.164300 ms CreateObjectMapping: 0.043100 ms MarkObjects: 1.347800 ms  DeleteObjects: 0.058100 ms)

